<?xml version="1.0" encoding="UTF-8"?>
<!-- Generated by org.testng.reporters.JUnitXMLReporter -->
<testsuite hostname="DESKTOP-31AEK7L" ignored="0" name="Test" tests="4" failures="0" timestamp="2020-04-10T01:01:31 PDT" time="6.926" errors="0">
  <testcase name="@BeforeMethod openAppn" time="6.324" classname="Generic.Generic_test">
    <failure type="org.openqa.selenium.WebDriverException" message="unknown error: cannot determine loading status
from disconnected: received Inspector.detached event
  (Session info: chrome=80.0.3987.163)
Build info: version: &amp;apos;3.141.59&amp;apos;, revision: &amp;apos;e82be7d358&amp;apos;, time: &amp;apos;2018-11-14T08:17:03&amp;apos;
System info: host: &amp;apos;DESKTOP-31AEK7L&amp;apos;, ip: &amp;apos;192.168.171.1&amp;apos;, os.name: &amp;apos;Windows 10&amp;apos;, os.arch: &amp;apos;amd64&amp;apos;, os.version: &amp;apos;10.0&amp;apos;, java.version: &amp;apos;1.8.0_231&amp;apos;
Driver info: org.openqa.selenium.chrome.ChromeDriver
Capabilities {acceptInsecureCerts: false, browserName: chrome, browserVersion: 80.0.3987.163, chrome: {chromedriverVersion: 79.0.3945.36 (3582db32b3389..., userDataDir: C:\Users\Admin\AppData\Loca...}, goog:chromeOptions: {debuggerAddress: localhost:62688}, javascriptEnabled: true, networkConnectionEnabled: false, pageLoadStrategy: normal, platform: WINDOWS, platformName: WINDOWS, proxy: Proxy(), setWindowRect: true, strictFileInteractability: false, timeouts: {implicit: 0, pageLoad: 300000, script: 30000}, unhandledPromptBehavior: dismiss and notify}
Session ID: f4c9dc26723d955678cb899996d9b365">
      <![CDATA[org.openqa.selenium.WebDriverException: unknown error: cannot determine loading status
from disconnected: received Inspector.detached event
  (Session info: chrome=80.0.3987.163)
Build info: version: '3.141.59', revision: 'e82be7d358', time: '2018-11-14T08:17:03'
System info: host: 'DESKTOP-31AEK7L', ip: '192.168.171.1', os.name: 'Windows 10', os.arch: 'amd64', os.version: '10.0', java.version: '1.8.0_231'
Driver info: org.openqa.selenium.chrome.ChromeDriver
Capabilities {acceptInsecureCerts: false, browserName: chrome, browserVersion: 80.0.3987.163, chrome: {chromedriverVersion: 79.0.3945.36 (3582db32b3389..., userDataDir: C:\Users\Admin\AppData\Loca...}, goog:chromeOptions: {debuggerAddress: localhost:62688}, javascriptEnabled: true, networkConnectionEnabled: false, pageLoadStrategy: normal, platform: WINDOWS, platformName: WINDOWS, proxy: Proxy(), setWindowRect: true, strictFileInteractability: false, timeouts: {implicit: 0, pageLoad: 300000, script: 30000}, unhandledPromptBehavior: dismiss and notify}
Session ID: f4c9dc26723d955678cb899996d9b365
at org.openqa.selenium.remote.http.W3CHttpResponseCodec.createException(W3CHttpResponseCodec.java:187)
at org.openqa.selenium.remote.http.W3CHttpResponseCodec.decode(W3CHttpResponseCodec.java:122)
at org.openqa.selenium.remote.http.W3CHttpResponseCodec.decode(W3CHttpResponseCodec.java:49)
at org.openqa.selenium.remote.HttpCommandExecutor.execute(HttpCommandExecutor.java:158)
at org.openqa.selenium.remote.service.DriverCommandExecutor.execute(DriverCommandExecutor.java:83)
at org.openqa.selenium.remote.RemoteWebDriver.execute(RemoteWebDriver.java:552)
at org.openqa.selenium.remote.RemoteWebDriver.get(RemoteWebDriver.java:277)
at Generic.Generic_test.openAppn(Generic_test.java:49)
at java.util.ArrayList.forEach(Unknown Source)
... Removed 35 stack frames]]>
    </failure>
  </testcase> <!-- @BeforeMethod openAppn -->
  <testcase name="@AfterMethod closeAppn" time="-1.586505691412E9" classname="Generic.Generic_test">
    <skipped/>
  </testcase> <!-- @AfterMethod closeAppn -->
  <testcase name="@BeforeMethod openAppn" time="-1.586505691419E9" classname="Generic.Generic_test">
    <skipped/>
  </testcase> <!-- @BeforeMethod openAppn -->
  <testcase name="@AfterMethod closeAppn" time="-1.586505691433E9" classname="Generic.Generic_test">
    <skipped/>
  </testcase> <!-- @AfterMethod closeAppn -->
  <testcase name="@BeforeMethod openAppn" time="-1.586505691438E9" classname="Generic.Generic_test">
    <skipped/>
  </testcase> <!-- @BeforeMethod openAppn -->
  <testcase name="@AfterMethod closeAppn" time="-1.586505691456E9" classname="Generic.Generic_test">
    <skipped/>
  </testcase> <!-- @AfterMethod closeAppn -->
  <testcase name="@BeforeMethod openAppn" time="-1.586505691463E9" classname="Generic.Generic_test">
    <skipped/>
  </testcase> <!-- @BeforeMethod openAppn -->
  <testcase name="@AfterMethod closeAppn" time="-1.586505691489E9" classname="Generic.Generic_test">
    <skipped/>
  </testcase> <!-- @AfterMethod closeAppn -->
  <testcase name="login4" time="0.0" classname="regressionscripts.Flipkart_testclass">
    <skipped/>
  </testcase> <!-- login4 -->
  <testcase name="login4" time="0.0" classname="regressionscripts.Flipkart_testclass">
    <skipped/>
  </testcase> <!-- login4 -->
  <testcase name="login4" time="0.0" classname="regressionscripts.Flipkart_testclass">
    <skipped/>
  </testcase> <!-- login4 -->
  <testcase name="login4" time="0.0" classname="regressionscripts.Flipkart_testclass">
    <skipped/>
  </testcase> <!-- login4 -->
</testsuite> <!-- Test -->
